<?xml version="1.0" encoding="UTF-8"?>
<testsuite name="com.soj.inheritance.hierarchical.PermanentEmployeeTest" tests="2" skipped="0" failures="0" errors="0" timestamp="2022-02-01T19:04:24" hostname="DESKTOP-H3C67DB" time="0.004">
  <properties/>
  <testcase name="testForPermanentEmployeeSalaryShouldIncreaseBy10000()" classname="com.soj.inheritance.hierarchical.PermanentEmployeeTest" time="0.002"/>
  <testcase name="testForPermanentEmployeeSalaryIsFailed()" classname="com.soj.inheritance.hierarchical.PermanentEmployeeTest" time="0.002"/>
  <system-out><![CDATA[ INFO [Test worker] 2022-02-01T19:04:24,285  (line ) The increase salary of permanent employee
 INFO [Test worker] 2022-02-01T19:04:24,285  (line ) Permanent employee salary is 50000 
 INFO [Test worker] 2022-02-01T19:04:24,286  (line ) The increase salary of permanent employee
 INFO [Test worker] 2022-02-01T19:04:24,286  (line ) Permanent employee salary is 40000 
]]></system-out>
  <system-err><![CDATA[]]></system-err>
</testsuite>
