<?xml version="1.0" encoding="UTF-8"?>
<testsuite name="com.soj.inheritance.multilevel.BabyDogTest" tests="3" skipped="0" failures="0" errors="0" timestamp="2022-01-31T10:04:57" hostname="DESKTOP-H3C67DB" time="0.003">
  <properties/>
  <testcase name="TestOfWeeping()" classname="com.soj.inheritance.multilevel.BabyDogTest" time="0.001"/>
  <testcase name="TestOfEating()" classname="com.soj.inheritance.multilevel.BabyDogTest" time="0.0"/>
  <testcase name="TestOfBarking()" classname="com.soj.inheritance.multilevel.BabyDogTest" time="0.0"/>
  <system-out><![CDATA[]]></system-out>
  <system-err><![CDATA[]]></system-err>
</testsuite>
