<?xml version="1.0" encoding="UTF-8"?>
<testsuite name="com.soj.inheritance.single.BirdTest" tests="1" skipped="0" failures="0" errors="0" timestamp="2022-01-31T10:18:58" hostname="DESKTOP-H3C67DB" time="0.002">
  <properties/>
  <testcase name="TestOfEating()" classname="com.soj.inheritance.single.BirdTest" time="0.002"/>
  <system-out><![CDATA[TRACE [Test worker] 2022-01-31T10:18:58,638  (line ) Bird is eating fruit seed
]]></system-out>
  <system-err><![CDATA[]]></system-err>
</testsuite>
