<?xml version="1.0" encoding="UTF-8"?>
<testsuite name="com.soj.inheritance.single.BirdTest" tests="1" skipped="0" failures="0" errors="0" timestamp="2022-01-30T23:05:40" hostname="DESKTOP-H3C67DB" time="0.001">
  <properties/>
  <testcase name="TestOfEating()" classname="com.soj.inheritance.single.BirdTest" time="0.001"/>
  <system-out><![CDATA[]]></system-out>
  <system-err><![CDATA[]]></system-err>
</testsuite>
