<?xml version="1.0" encoding="UTF-8"?>
<testsuite name="com.soj.inheritance.hierarchical.AnimalTest" tests="1" skipped="0" failures="0" errors="0" timestamp="2022-01-29T11:34:21" hostname="DESKTOP-H3C67DB" time="4.152">
  <properties/>
  <testcase name="TestOfEating()" classname="com.soj.inheritance.hierarchical.AnimalTest" time="4.152"/>
  <system-out><![CDATA[]]></system-out>
  <system-err><![CDATA[]]></system-err>
</testsuite>
